[ROBOT ID 0 SENSOR DATA:
SENSOR: 0º - DISTANCE: 30
SENSOR: 45º - DISTANCE: 30
SENSOR: 70º - DISTANCE: 30
SENSOR: 290º - DISTANCE: 27.278230164402046
SENSOR: 315º - DISTANCE: 30
]
[ROBOT ID: 0; POSITION: (27.1, 28.0); ORIENTATION: 0.0º; SPEED: -5; MAX_SPEED: 50; ACCELERATION: 0]
[GOAL: [(28, 39), (28, 50), (28, 62), (28, 73), (28, 84), (28, 96), (39, 107), (50, 118), (50, 129), (50, 141), (50, 152), (50, 163), (50, 175), (50, 186), (50, 197), (62, 209), (62, 220), (73, 231), (84, 242), (96, 254), (107, 265), (118, 276), (130, 288), (141, 299), (152, 310), (164, 310), (175, 310), (186, 310), (198, 310), (209, 310), (220, 310), (232, 310), (243, 310), (254, 322), (266, 333), (277, 344), (288, 355), (300, 367), (311, 367), (322, 367), (334, 367), (345, 367), (356, 367), (368, 367), (379, 378), (390, 389), (402, 401), (413, 412), (424, 423), (436, 435)]; STATE: ADVANCING; TARGET_ANGLE: 0.0º]
[ROBOT ID 0 SENSOR DATA:
SENSOR: 0.0º - DISTANCE: 30
SENSOR: 45.0º - DISTANCE: 30
SENSOR: 70.0º - DISTANCE: 30
SENSOR: 290.0º - DISTANCE: 26.523306967299284
SENSOR: 315.0º - DISTANCE: 30
]
[ROBOT ID: 0; POSITION: (26.787750007700318, 27.865463973936915); ORIENTATION: 23.309276215132098º; SPEED: -10; MAX_SPEED: 50; ACCELERATION: 0]
[GOAL: [(28, 39), (28, 50), (28, 62), (28, 73), (28, 84), (28, 96), (39, 107), (50, 118), (50, 129), (50, 141), (50, 152), (50, 163), (50, 175), (50, 186), (50, 197), (62, 209), (62, 220), (73, 231), (84, 242), (96, 254), (107, 265), (118, 276), (130, 288), (141, 299), (152, 310), (164, 310), (175, 310), (186, 310), (198, 310), (209, 310), (220, 310), (232, 310), (243, 310), (254, 322), (266, 333), (277, 344), (288, 355), (300, 367), (311, 367), (322, 367), (334, 367), (345, 367), (356, 367), (368, 367), (379, 378), (390, 389), (402, 401), (413, 412), (424, 423), (436, 435)]; STATE: ADVANCING; TARGET_ANGLE: 85.32258214111826º]
[ROBOT ID 0 SENSOR DATA:
SENSOR: 0.0º - DISTANCE: 30
SENSOR: 45.0º - DISTANCE: 30
SENSOR: 70.0º - DISTANCE: 30
SENSOR: 290.0º - DISTANCE: 30
SENSOR: 315.0º - DISTANCE: 30
]
[ROBOT ID: 0; POSITION: (26.39601970887277, 27.538894880205614); ORIENTATION: 39.81654726480144º; SPEED: -15; MAX_SPEED: 50; ACCELERATION: 0]
[GOAL: [(28, 39), (28, 50), (28, 62), (28, 73), (28, 84), (28, 96), (39, 107), (50, 118), (50, 129), (50, 141), (50, 152), (50, 163), (50, 175), (50, 186), (50, 197), (62, 209), (62, 220), (73, 231), (84, 242), (96, 254), (107, 265), (118, 276), (130, 288), (141, 299), (152, 310), (164, 310), (175, 310), (186, 310), (198, 310), (209, 310), (220, 310), (232, 310), (243, 310), (254, 322), (266, 333), (277, 344), (288, 355), (300, 367), (311, 367), (322, 367), (334, 367), (345, 367), (356, 367), (368, 367), (379, 378), (390, 389), (402, 401), (413, 412), (424, 423), (436, 435)]; STATE: ADVANCING; TARGET_ANGLE: 83.78651143103802º]
[ROBOT ID 0 SENSOR DATA:
SENSOR: 0.0º - DISTANCE: 30
SENSOR: 45.0º - DISTANCE: 30
SENSOR: 70.0º - DISTANCE: 30
SENSOR: 290.0º - DISTANCE: 30
SENSOR: 315.0º - DISTANCE: 30
]
[ROBOT ID: 0; POSITION: (26.1838215821574, 27.27324105467606); ORIENTATION: 51.38294966868623º; SPEED: -10; MAX_SPEED: 50; ACCELERATION: 0]
[GOAL: [(28, 39), (28, 50), (28, 62), (28, 73), (28, 84), (28, 96), (39, 107), (50, 118), (50, 129), (50, 141), (50, 152), (50, 163), (50, 175), (50, 186), (50, 197), (62, 209), (62, 220), (73, 231), (84, 242), (96, 254), (107, 265), (118, 276), (130, 288), (141, 299), (152, 310), (164, 310), (175, 310), (186, 310), (198, 310), (209, 310), (220, 310), (232, 310), (243, 310), (254, 322), (266, 333), (277, 344), (288, 355), (300, 367), (311, 367), (322, 367), (334, 367), (345, 367), (356, 367), (368, 367), (379, 378), (390, 389), (402, 401), (413, 412), (424, 423), (436, 435)]; STATE: ADVANCING; TARGET_ANGLE: 82.03320606263269º]
[ROBOT ID 0 SENSOR DATA:
SENSOR: 0.0º - DISTANCE: 30
SENSOR: 44.99999999999999º - DISTANCE: 30
SENSOR: 70.0º - DISTANCE: 30
SENSOR: 290.0º - DISTANCE: 30
SENSOR: 315.0º - DISTANCE: 30
]
[ROBOT ID: 0; POSITION: (26.097782621345587, 27.126621488374614); ORIENTATION: 59.5948336883427º; SPEED: -5; MAX_SPEED: 50; ACCELERATION: 0]
[GOAL: [(28, 39), (28, 50), (28, 62), (28, 73), (28, 84), (28, 96), (39, 107), (50, 118), (50, 129), (50, 141), (50, 152), (50, 163), (50, 175), (50, 186), (50, 197), (62, 209), (62, 220), (73, 231), (84, 242), (96, 254), (107, 265), (118, 276), (130, 288), (141, 299), (152, 310), (164, 310), (175, 310), (186, 310), (198, 310), (209, 310), (220, 310), (232, 310), (243, 310), (254, 322), (266, 333), (277, 344), (288, 355), (300, 367), (311, 367), (322, 367), (334, 367), (345, 367), (356, 367), (368, 367), (379, 378), (390, 389), (402, 401), (413, 412), (424, 423), (436, 435)]; STATE: ADVANCING; TARGET_ANGLE: 81.19627718726314º]
[ROBOT ID 0 SENSOR DATA:
SENSOR: 0.0º - DISTANCE: 30
SENSOR: 45.0º - DISTANCE: 30
SENSOR: 70.0º - DISTANCE: 30
SENSOR: 290.0º - DISTANCE: 30
SENSOR: 315.0º - DISTANCE: 30
]
[ROBOT ID: 0; POSITION: (26.097782621345587, 27.126621488374614); ORIENTATION: 65.50548488491188º; SPEED: 0; MAX_SPEED: 50; ACCELERATION: 0]
[GOAL: [(28, 39), (28, 50), (28, 62), (28, 73), (28, 84), (28, 96), (39, 107), (50, 118), (50, 129), (50, 141), (50, 152), (50, 163), (50, 175), (50, 186), (50, 197), (62, 209), (62, 220), (73, 231), (84, 242), (96, 254), (107, 265), (118, 276), (130, 288), (141, 299), (152, 310), (164, 310), (175, 310), (186, 310), (198, 310), (209, 310), (220, 310), (232, 310), (243, 310), (254, 322), (266, 333), (277, 344), (288, 355), (300, 367), (311, 367), (322, 367), (334, 367), (345, 367), (356, 367), (368, 367), (379, 378), (390, 389), (402, 401), (413, 412), (424, 423), (436, 435)]; STATE: ADVANCING; TARGET_ANGLE: 80.89806974899042º]
[ROBOT ID 0 SENSOR DATA:
SENSOR: 0.0º - DISTANCE: 30
SENSOR: 45.0º - DISTANCE: 30
SENSOR: 70.0º - DISTANCE: 30
SENSOR: 290.0º - DISTANCE: 30
SENSOR: 315.0º - DISTANCE: 30
]
[ROBOT ID: 0; POSITION: (26.15505072692086, 27.28136438508984); ORIENTATION: 69.69121644341497º; SPEED: 5; MAX_SPEED: 50; ACCELERATION: 0]
[GOAL: [(28, 39), (28, 50), (28, 62), (28, 73), (28, 84), (28, 96), (39, 107), (50, 118), (50, 129), (50, 141), (50, 152), (50, 163), (50, 175), (50, 186), (50, 197), (62, 209), (62, 220), (73, 231), (84, 242), (96, 254), (107, 265), (118, 276), (130, 288), (141, 299), (152, 310), (164, 310), (175, 310), (186, 310), (198, 310), (209, 310), (220, 310), (232, 310), (243, 310), (254, 322), (266, 333), (277, 344), (288, 355), (300, 367), (311, 367), (322, 367), (334, 367), (345, 367), (356, 367), (368, 367), (379, 378), (390, 389), (402, 401), (413, 412), (424, 423), (436, 435)]; STATE: ADVANCING; TARGET_ANGLE: 80.89806974899042º]
[ROBOT ID 0 SENSOR DATA:
SENSOR: 0.0º - DISTANCE: 30
SENSOR: 45.0º - DISTANCE: 30
SENSOR: 70.00000000000001º - DISTANCE: 29.243067533594466
SENSOR: 290.0º - DISTANCE: 30
SENSOR: 315.0º - DISTANCE: 30
]
[ROBOT ID: 0; POSITION: (26.252526161353302, 27.596639724566632); ORIENTATION: 72.81966851500064º; SPEED: 10; MAX_SPEED: 50; ACCELERATION: 0]
[GOAL: [(28, 39), (28, 50), (28, 62), (28, 73), (28, 84), (28, 96), (39, 107), (50, 118), (50, 129), (50, 141), (50, 152), (50, 163), (50, 175), (50, 186), (50, 197), (62, 209), (62, 220), (73, 231), (84, 242), (96, 254), (107, 265), (118, 276), (130, 288), (141, 299), (152, 310), (164, 310), (175, 310), (186, 310), (198, 310), (209, 310), (220, 310), (232, 310), (243, 310), (254, 322), (266, 333), (277, 344), (288, 355), (300, 367), (311, 367), (322, 367), (334, 367), (345, 367), (356, 367), (368, 367), (379, 378), (390, 389), (402, 401), (413, 412), (424, 423), (436, 435)]; STATE: ADVANCING; TARGET_ANGLE: 81.0529520072168º]
[ROBOT ID 0 SENSOR DATA:
SENSOR: 0.0º - DISTANCE: 30
SENSOR: 45.0º - DISTANCE: 30
SENSOR: 70.0º - DISTANCE: 27.80707563593618
SENSOR: 290.0º - DISTANCE: 30
SENSOR: 315.0º - DISTANCE: 30
]
[ROBOT ID: 0; POSITION: (26.433907398922216, 28.3552574455948); ORIENTATION: 76.5533387332765º; SPEED: 15; MAX_SPEED: 50; ACCELERATION: 0]
[GOAL: [(28, 39), (28, 50), (28, 62), (28, 73), (28, 84), (28, 96), (39, 107), (50, 118), (50, 129), (50, 141), (50, 152), (50, 163), (50, 175), (50, 186), (50, 197), (62, 209), (62, 220), (73, 231), (84, 242), (96, 254), (107, 265), (118, 276), (130, 288), (141, 299), (152, 310), (164, 310), (175, 310), (186, 310), (198, 310), (209, 310), (220, 310), (232, 310), (243, 310), (254, 322), (266, 333), (277, 344), (288, 355), (300, 367), (311, 367), (322, 367), (334, 367), (345, 367), (356, 367), (368, 367), (379, 378), (390, 389), (402, 401), (413, 412), (424, 423), (436, 435)]; STATE: ADVANCING; TARGET_ANGLE: 81.28765540489553º]
[ROBOT ID 0 SENSOR DATA:
SENSOR: 0.0º - DISTANCE: 30
SENSOR: 45.0º - DISTANCE: 30
SENSOR: 70.00000000000001º - DISTANCE: 26.854728030711314
SENSOR: 290.0º - DISTANCE: 30
SENSOR: 315.0º - DISTANCE: 30
]
[ROBOT ID: 0; POSITION: (26.578019983594544, 29.040262236044516); ORIENTATION: 78.11926741194918º; SPEED: 20; MAX_SPEED: 50; ACCELERATION: 0]
[GOAL: [(28, 39), (28, 50), (28, 62), (28, 73), (28, 84), (28, 96), (39, 107), (50, 118), (50, 129), (50, 141), (50, 152), (50, 163), (50, 175), (50, 186), (50, 197), (62, 209), (62, 220), (73, 231), (84, 242), (96, 254), (107, 265), (118, 276), (130, 288), (141, 299), (152, 310), (164, 310), (175, 310), (186, 310), (198, 310), (209, 310), (220, 310), (232, 310), (243, 310), (254, 322), (266, 333), (277, 344), (288, 355), (300, 367), (311, 367), (322, 367), (334, 367), (345, 367), (356, 367), (368, 367), (379, 378), (390, 389), (402, 401), (413, 412), (424, 423), (436, 435)]; STATE: ADVANCING; TARGET_ANGLE: 81.63048234530739º]
[ROBOT ID 0 SENSOR DATA:
SENSOR: 0.0º - DISTANCE: 30
SENSOR: 45.0º - DISTANCE: 30
SENSOR: 70.0º - DISTANCE: 28.16572562746842
SENSOR: 290.0º - DISTANCE: 30
SENSOR: 315.0º - DISTANCE: 30
]
[ROBOT ID: 0; POSITION: (26.736066144041438, 29.87543970890163); ORIENTATION: 79.28425342983493º; SPEED: 25; MAX_SPEED: 50; ACCELERATION: 0]
[GOAL: [(28, 39), (28, 50), (28, 62), (28, 73), (28, 84), (28, 96), (39, 107), (50, 118), (50, 129), (50, 141), (50, 152), (50, 163), (50, 175), (50, 186), (50, 197), (62, 209), (62, 220), (73, 231), (84, 242), (96, 254), (107, 265), (118, 276), (130, 288), (141, 299), (152, 310), (164, 310), (175, 310), (186, 310), (198, 310), (209, 310), (220, 310), (232, 310), (243, 310), (254, 322), (266, 333), (277, 344), (288, 355), (300, 367), (311, 367), (322, 367), (334, 367), (345, 367), (356, 367), (368, 367), (379, 378), (390, 389), (402, 401), (413, 412), (424, 423), (436, 435)]; STATE: ADVANCING; TARGET_ANGLE: 81.87463146372032º]
[ROBOT ID 0 SENSOR DATA:
SENSOR: 0.0º - DISTANCE: 30
SENSOR: 45.0º - DISTANCE: 30
SENSOR: 70.0º - DISTANCE: 27.969603060080562
SENSOR: 290.0º - DISTANCE: 30
SENSOR: 315.0º - DISTANCE: 30
]
[ROBOT ID: 0; POSITION: (26.90969618103595, 30.880552941454702); ORIENTATION: 80.19906810378609º; SPEED: 30; MAX_SPEED: 50; ACCELERATION: 0]
[GOAL: [(28, 50), (28, 62), (28, 73), (28, 84), (28, 96), (39, 107), (50, 118), (50, 129), (50, 141), (50, 152), (50, 163), (50, 175), (50, 186), (50, 197), (62, 209), (62, 220), (73, 231), (84, 242), (96, 254), (107, 265), (118, 276), (130, 288), (141, 299), (152, 310), (164, 310), (175, 310), (186, 310), (198, 310), (209, 310), (220, 310), (232, 310), (243, 310), (254, 322), (266, 333), (277, 344), (288, 355), (300, 367), (311, 367), (322, 367), (334, 367), (345, 367), (356, 367), (368, 367), (379, 378), (390, 389), (402, 401), (413, 412), (424, 423), (436, 435)]; STATE: ADVANCING; TARGET_ANGLE: 82.11357557047471º]
[ROBOT ID 0 SENSOR DATA:
SENSOR: 0.0º - DISTANCE: 30
SENSOR: 45.0º - DISTANCE: 30
SENSOR: 70.0º - DISTANCE: 26.638506133799336
SENSOR: 290.0º - DISTANCE: 30
SENSOR: 315.0º - DISTANCE: 30
]
[ROBOT ID: 0; POSITION: (27.069001098124673, 32.024514017449576); ORIENTATION: 82.0721300845089º; SPEED: 35; MAX_SPEED: 50; ACCELERATION: 0]
[GOAL: [(28, 50), (28, 62), (28, 73), (28, 84), (28, 96), (39, 107), (50, 118), (50, 129), (50, 141), (50, 152), (50, 163), (50, 175), (50, 186), (50, 197), (62, 209), (62, 220), (73, 231), (84, 242), (96, 254), (107, 265), (118, 276), (130, 288), (141, 299), (152, 310), (164, 310), (175, 310), (186, 310), (198, 310), (209, 310), (220, 310), (232, 310), (243, 310), (254, 322), (266, 333), (277, 344), (288, 355), (300, 367), (311, 367), (322, 367), (334, 367), (345, 367), (356, 367), (368, 367), (379, 378), (390, 389), (402, 401), (413, 412), (424, 423), (436, 435)]; STATE: ADVANCING; TARGET_ANGLE: 86.73619103487077º]
[ROBOT ID 0 SENSOR DATA:
SENSOR: 0.0º - DISTANCE: 30
SENSOR: 45.0º - DISTANCE: 30
SENSOR: 70.0º - DISTANCE: 27.043780291052464
SENSOR: 290.0º - DISTANCE: 30
SENSOR: 315.0º - DISTANCE: 30
]
[ROBOT ID: 0; POSITION: (27.217774694795388, 33.336103288880864); ORIENTATION: 83.5285985015362º; SPEED: 40; MAX_SPEED: 50; ACCELERATION: 0]
[GOAL: [(28, 50), (28, 62), (28, 73), (28, 84), (28, 96), (39, 107), (50, 118), (50, 129), (50, 141), (50, 152), (50, 163), (50, 175), (50, 186), (50, 197), (62, 209), (62, 220), (73, 231), (84, 242), (96, 254), (107, 265), (118, 276), (130, 288), (141, 299), (152, 310), (164, 310), (175, 310), (186, 310), (198, 310), (209, 310), (220, 310), (232, 310), (243, 310), (254, 322), (266, 333), (277, 344), (288, 355), (300, 367), (311, 367), (322, 367), (334, 367), (345, 367), (356, 367), (368, 367), (379, 378), (390, 389), (402, 401), (413, 412), (424, 423), (436, 435)]; STATE: ADVANCING; TARGET_ANGLE: 87.03514620627564º]
[ROBOT ID 0 SENSOR DATA:
SENSOR: 0.0º - DISTANCE: 30
SENSOR: 44.999999999999986º - DISTANCE: 30
SENSOR: 69.99999999999999º - DISTANCE: 26.067924160294947
SENSOR: 290.0º - DISTANCE: 30
SENSOR: 315.0º - DISTANCE: 30
]
[ROBOT ID: 0; POSITION: (27.358818160154033, 34.85958835309371); ORIENTATION: 84.71066332029274º; SPEED: 45; MAX_SPEED: 50; ACCELERATION: 0]
[GOAL: [(28, 50), (28, 62), (28, 73), (28, 84), (28, 96), (39, 107), (50, 118), (50, 129), (50, 141), (50, 152), (50, 163), (50, 175), (50, 186), (50, 197), (62, 209), (62, 220), (73, 231), (84, 242), (96, 254), (107, 265), (118, 276), (130, 288), (141, 299), (152, 310), (164, 310), (175, 310), (186, 310), (198, 310), (209, 310), (220, 310), (232, 310), (243, 310), (254, 322), (266, 333), (277, 344), (288, 355), (300, 367), (311, 367), (322, 367), (334, 367), (345, 367), (356, 367), (368, 367), (379, 378), (390, 389), (402, 401), (413, 412), (424, 423), (436, 435)]; STATE: ADVANCING; TARGET_ANGLE: 87.31243333665344º]
[ROBOT ID 0 SENSOR DATA:
SENSOR: 0.0º - DISTANCE: 30
SENSOR: 44.999999999999986º - DISTANCE: 30
SENSOR: 69.99999999999999º - DISTANCE: 26.15597002728898
SENSOR: 290.0º - DISTANCE: 30
SENSOR: 315.0º - DISTANCE: 30
]
[ROBOT ID: 0; POSITION: (27.487930832755893, 36.55467829695321); ORIENTATION: 85.64426967322262º; SPEED: 50; MAX_SPEED: 50; ACCELERATION: 0]
[GOAL: [(28, 50), (28, 62), (28, 73), (28, 84), (28, 96), (39, 107), (50, 118), (50, 129), (50, 141), (50, 152), (50, 163), (50, 175), (50, 186), (50, 197), (62, 209), (62, 220), (73, 231), (84, 242), (96, 254), (107, 265), (118, 276), (130, 288), (141, 299), (152, 310), (164, 310), (175, 310), (186, 310), (198, 310), (209, 310), (220, 310), (232, 310), (243, 310), (254, 322), (266, 333), (277, 344), (288, 355), (300, 367), (311, 367), (322, 367), (334, 367), (345, 367), (356, 367), (368, 367), (379, 378), (390, 389), (402, 401), (413, 412), (424, 423), (436, 435)]; STATE: ADVANCING; TARGET_ANGLE: 87.5750279520076º]
[ROBOT ID 0 SENSOR DATA:
SENSOR: 0.0º - DISTANCE: 30
SENSOR: 45.0º - DISTANCE: 30
SENSOR: 70.0º - DISTANCE: 25.464037080777207
SENSOR: 290.0º - DISTANCE: 30
SENSOR: 315.0º - DISTANCE: 30
]
[ROBOT ID: 0; POSITION: (27.594925204972665, 38.251307957283935); ORIENTATION: 86.39154093727052º; SPEED: 50.0; MAX_SPEED: 50; ACCELERATION: 0]
[GOAL: [(28, 50), (28, 62), (28, 73), (28, 84), (28, 96), (39, 107), (50, 118), (50, 129), (50, 141), (50, 152), (50, 163), (50, 175), (50, 186), (50, 197), (62, 209), (62, 220), (73, 231), (84, 242), (96, 254), (107, 265), (118, 276), (130, 288), (141, 299), (152, 310), (164, 310), (175, 310), (186, 310), (198, 310), (209, 310), (220, 310), (232, 310), (243, 310), (254, 322), (266, 333), (277, 344), (288, 355), (300, 367), (311, 367), (322, 367), (334, 367), (345, 367), (356, 367), (368, 367), (379, 378), (390, 389), (402, 401), (413, 412), (424, 423), (436, 435)]; STATE: ADVANCING; TARGET_ANGLE: 87.81892694162819º]
[ROBOT ID 0 SENSOR DATA:
SENSOR: 0.0º - DISTANCE: 30
SENSOR: 45.0º - DISTANCE: 30
SENSOR: 70.0º - DISTANCE: 27.833163602010647
SENSOR: 290.0º - DISTANCE: 30
SENSOR: 315.0º - DISTANCE: 30
]
[ROBOT ID: 0; POSITION: (27.68199994670525, 39.89900877641106); ORIENTATION: 86.97494921300289º; SPEED: 50.0; MAX_SPEED: 50; ACCELERATION: 0]
[GOAL: [(28, 50), (28, 62), (28, 73), (28, 84), (28, 96), (39, 107), (50, 118), (50, 129), (50, 141), (50, 152), (50, 163), (50, 175), (50, 186), (50, 197), (62, 209), (62, 220), (73, 231), (84, 242), (96, 254), (107, 265), (118, 276), (130, 288), (141, 299), (152, 310), (164, 310), (175, 310), (186, 310), (198, 310), (209, 310), (220, 310), (232, 310), (243, 310), (254, 322), (266, 333), (277, 344), (288, 355), (300, 367), (311, 367), (322, 367), (334, 367), (345, 367), (356, 367), (368, 367), (379, 378), (390, 389), (402, 401), (413, 412), (424, 423), (436, 435)]; STATE: ADVANCING; TARGET_ANGLE: 88.02532179778811º]
[ROBOT ID 0 SENSOR DATA:
SENSOR: 0.0º - DISTANCE: 30
SENSOR: 45.000000000000014º - DISTANCE: 30
SENSOR: 70.00000000000001º - DISTANCE: 25.92017141164846
SENSOR: 290.0º - DISTANCE: 30
SENSOR: 315.0º - DISTANCE: 30
]
[ROBOT ID: 0; POSITION: (27.757199145980508, 41.59734475036567); ORIENTATION: 87.46470405930381º; SPEED: 50.0; MAX_SPEED: 50; ACCELERATION: 0]
[GOAL: [(28, 50), (28, 62), (28, 73), (28, 84), (28, 96), (39, 107), (50, 118), (50, 129), (50, 141), (50, 152), (50, 163), (50, 175), (50, 186), (50, 197), (62, 209), (62, 220), (73, 231), (84, 242), (96, 254), (107, 265), (118, 276), (130, 288), (141, 299), (152, 310), (164, 310), (175, 310), (186, 310), (198, 310), (209, 310), (220, 310), (232, 310), (243, 310), (254, 322), (266, 333), (277, 344), (288, 355), (300, 367), (311, 367), (322, 367), (334, 367), (345, 367), (356, 367), (368, 367), (379, 378), (390, 389), (402, 401), (413, 412), (424, 423), (436, 435)]; STATE: ADVANCING; TARGET_ANGLE: 88.19680616603404º]
[ROBOT ID 0 SENSOR DATA:
SENSOR: 0.0º - DISTANCE: 30
SENSOR: 45.0º - DISTANCE: 30
SENSOR: 70.0º - DISTANCE: 25.259414319165344
SENSOR: 290.0º - DISTANCE: 30
SENSOR: 315.0º - DISTANCE: 30
]
[ROBOT ID: 0; POSITION: (27.82061980375998, 43.296161344400126); ORIENTATION: 87.86201209819687º; SPEED: 50.0; MAX_SPEED: 50; ACCELERATION: 0]
[GOAL: [(28, 62), (28, 73), (28, 84), (28, 96), (39, 107), (50, 118), (50, 129), (50, 141), (50, 152), (50, 163), (50, 175), (50, 186), (50, 197), (62, 209), (62, 220), (73, 231), (84, 242), (96, 254), (107, 265), (118, 276), (130, 288), (141, 299), (152, 310), (164, 310), (175, 310), (186, 310), (198, 310), (209, 310), (220, 310), (232, 310), (243, 310), (254, 322), (266, 333), (277, 344), (288, 355), (300, 367), (311, 367), (322, 367), (334, 367), (345, 367), (356, 367), (368, 367), (379, 378), (390, 389), (402, 401), (413, 412), (424, 423), (436, 435)]; STATE: ADVANCING; TARGET_ANGLE: 88.34485720651848º]
[ROBOT ID 0 SENSOR DATA:
SENSOR: 0.0º - DISTANCE: 30
SENSOR: 45.000000000000014º - DISTANCE: 30
SENSOR: 70.00000000000001º - DISTANCE: 25.73256452138991
SENSOR: 290.0º - DISTANCE: 30
SENSOR: 315.0º - DISTANCE: 30
]
[ROBOT ID: 0; POSITION: (27.866499324560152, 44.99554213444429); ORIENTATION: 88.45351640292294º; SPEED: 50.0; MAX_SPEED: 50; ACCELERATION: 0]
[GOAL: [(28, 62), (28, 73), (28, 84), (28, 96), (39, 107), (50, 118), (50, 129), (50, 141), (50, 152), (50, 163), (50, 175), (50, 186), (50, 197), (62, 209), (62, 220), (73, 231), (84, 242), (96, 254), (107, 265), (118, 276), (130, 288), (141, 299), (152, 310), (164, 310), (175, 310), (186, 310), (198, 310), (209, 310), (220, 310), (232, 310), (243, 310), (254, 322), (266, 333), (277, 344), (288, 355), (300, 367), (311, 367), (322, 367), (334, 367), (345, 367), (356, 367), (368, 367), (379, 378), (390, 389), (402, 401), (413, 412), (424, 423), (436, 435)]; STATE: ADVANCING; TARGET_ANGLE: 89.45051851288096º]
[ROBOT ID 0 SENSOR DATA:
SENSOR: 0.0º - DISTANCE: 30
SENSOR: 45.000000000000014º - DISTANCE: 30
SENSOR: 70.00000000000001º - DISTANCE: 26.123950941456936
SENSOR: 290.0º - DISTANCE: 30
SENSOR: 315.0º - DISTANCE: 30
]
[ROBOT ID: 0; POSITION: (27.89824625279558, 46.64523669179351); ORIENTATION: 88.89752893999537º; SPEED: 50.0; MAX_SPEED: 50; ACCELERATION: 0]
[GOAL: [(28, 62), (28, 73), (28, 84), (28, 96), (39, 107), (50, 118), (50, 129), (50, 141), (50, 152), (50, 163), (50, 175), (50, 186), (50, 197), (62, 209), (62, 220), (73, 231), (84, 242), (96, 254), (107, 265), (118, 276), (130, 288), (141, 299), (152, 310), (164, 310), (175, 310), (186, 310), (198, 310), (209, 310), (220, 310), (232, 310), (243, 310), (254, 322), (266, 333), (277, 344), (288, 355), (300, 367), (311, 367), (322, 367), (334, 367), (345, 367), (356, 367), (368, 367), (379, 378), (390, 389), (402, 401), (413, 412), (424, 423), (436, 435)]; STATE: ADVANCING; TARGET_ANGLE: 89.55018453532212º]
[ROBOT ID 0 SENSOR DATA:
SENSOR: 0.0º - DISTANCE: 30
SENSOR: 45.0º - DISTANCE: 30
SENSOR: 70.0º - DISTANCE: 26.352101918229337
SENSOR: 290.0º - DISTANCE: 30
SENSOR: 315.0º - DISTANCE: 30
]
[ROBOT ID: 0; POSITION: (27.92038733134076, 48.34509250116113); ORIENTATION: 89.2537492810803º; SPEED: 50.0; MAX_SPEED: 50; ACCELERATION: 0]
[GOAL: [(28, 62), (28, 73), (28, 84), (28, 96), (39, 107), (50, 118), (50, 129), (50, 141), (50, 152), (50, 163), (50, 175), (50, 186), (50, 197), (62, 209), (62, 220), (73, 231), (84, 242), (96, 254), (107, 265), (118, 276), (130, 288), (141, 299), (152, 310), (164, 310), (175, 310), (186, 310), (198, 310), (209, 310), (220, 310), (232, 310), (243, 310), (254, 322), (266, 333), (277, 344), (288, 355), (300, 367), (311, 367), (322, 367), (334, 367), (345, 367), (356, 367), (368, 367), (379, 378), (390, 389), (402, 401), (413, 412), (424, 423), (436, 435)]; STATE: ADVANCING; TARGET_ANGLE: 89.62031489466916º]
[ROBOT ID 0 SENSOR DATA:
SENSOR: 0.0º - DISTANCE: 30
SENSOR: 45.0º - DISTANCE: 30
SENSOR: 70.0º - DISTANCE: 27.137866661983093
SENSOR: 290.0º - DISTANCE: 30
SENSOR: 315.0º - DISTANCE: 30
]
[ROBOT ID: 0; POSITION: (27.93462816511117, 50.09503455695999); ORIENTATION: 89.53374361289731º; SPEED: 50.0; MAX_SPEED: 50; ACCELERATION: 0]
[GOAL: [(28, 62), (28, 73), (28, 84), (28, 96), (39, 107), (50, 118), (50, 129), (50, 141), (50, 152), (50, 163), (50, 175), (50, 186), (50, 197), (62, 209), (62, 220), (73, 231), (84, 242), (96, 254), (107, 265), (118, 276), (130, 288), (141, 299), (152, 310), (164, 310), (175, 310), (186, 310), (198, 310), (209, 310), (220, 310), (232, 310), (243, 310), (254, 322), (266, 333), (277, 344), (288, 355), (300, 367), (311, 367), (322, 367), (334, 367), (345, 367), (356, 367), (368, 367), (379, 378), (390, 389), (402, 401), (413, 412), (424, 423), (436, 435)]; STATE: ADVANCING; TARGET_ANGLE: 89.66595026544923º]
[ROBOT ID 0 SENSOR DATA:
SENSOR: 0.0º - DISTANCE: 30
SENSOR: 44.999999999999986º - DISTANCE: 30
SENSOR: 69.99999999999999º - DISTANCE: 26.297844727901182
SENSOR: 290.0º - DISTANCE: 30
SENSOR: 315.0º - DISTANCE: 30
]
[ROBOT ID: 0; POSITION: (27.942430695441267, 51.74501610852972); ORIENTATION: 89.72905834934059º; SPEED: 50.0; MAX_SPEED: 50; ACCELERATION: 0]
[GOAL: [(28, 62), (28, 73), (28, 84), (28, 96), (39, 107), (50, 118), (50, 129), (50, 141), (50, 152), (50, 163), (50, 175), (50, 186), (50, 197), (62, 209), (62, 220), (73, 231), (84, 242), (96, 254), (107, 265), (118, 276), (130, 288), (141, 299), (152, 310), (164, 310), (175, 310), (186, 310), (198, 310), (209, 310), (220, 310), (232, 310), (243, 310), (254, 322), (266, 333), (277, 344), (288, 355), (300, 367), (311, 367), (322, 367), (334, 367), (345, 367), (356, 367), (368, 367), (379, 378), (390, 389), (402, 401), (413, 412), (424, 423), (436, 435)]; STATE: ADVANCING; TARGET_ANGLE: 89.68538400124672º]
[ROBOT ID 0 SENSOR DATA:
SENSOR: 0.0º - DISTANCE: 30
SENSOR: 45.0º - DISTANCE: 30
SENSOR: 70.0º - DISTANCE: 25.72391869579128
SENSOR: 290.0º - DISTANCE: 30
SENSOR: 315.0º - DISTANCE: 30
]
[ROBOT ID: 0; POSITION: (27.946131550641827, 53.445012080192825); ORIENTATION: 89.87526849937183º; SPEED: 50.0; MAX_SPEED: 50; ACCELERATION: 0]
[GOAL: [(28, 62), (28, 73), (28, 84), (28, 96), (39, 107), (50, 118), (50, 129), (50, 141), (50, 152), (50, 163), (50, 175), (50, 186), (50, 197), (62, 209), (62, 220), (73, 231), (84, 242), (96, 254), (107, 265), (118, 276), (130, 288), (141, 299), (152, 310), (164, 310), (175, 310), (186, 310), (198, 310), (209, 310), (220, 310), (232, 310), (243, 310), (254, 322), (266, 333), (277, 344), (288, 355), (300, 367), (311, 367), (322, 367), (334, 367), (345, 367), (356, 367), (368, 367), (379, 378), (390, 389), (402, 401), (413, 412), (424, 423), (436, 435)]; STATE: ADVANCING; TARGET_ANGLE: 89.67835702462412º]
[ROBOT ID 0 SENSOR DATA:
SENSOR: 0.0º - DISTANCE: 30
SENSOR: 45.0º - DISTANCE: 30
SENSOR: 70.0º - DISTANCE: 26.16201267782674
SENSOR: 290.0º - DISTANCE: 30
SENSOR: 315.0º - DISTANCE: 30
]
[ROBOT ID: 0; POSITION: (27.946932634403403, 55.1950118968399); ORIENTATION: 89.97377215989845º; SPEED: 50.0; MAX_SPEED: 50; ACCELERATION: 0]
[GOAL: [(28, 73), (28, 84), (28, 96), (39, 107), (50, 118), (50, 129), (50, 141), (50, 152), (50, 163), (50, 175), (50, 186), (50, 197), (62, 209), (62, 220), (73, 231), (84, 242), (96, 254), (107, 265), (118, 276), (130, 288), (141, 299), (152, 310), (164, 310), (175, 310), (186, 310), (198, 310), (209, 310), (220, 310), (232, 310), (243, 310), (254, 322), (266, 333), (277, 344), (288, 355), (300, 367), (311, 367), (322, 367), (334, 367), (345, 367), (356, 367), (368, 367), (379, 378), (390, 389), (402, 401), (413, 412), (424, 423), (436, 435)]; STATE: ADVANCING; TARGET_ANGLE: 89.6392287124325º]
[ROBOT ID 0 SENSOR DATA:
SENSOR: 0.0º - DISTANCE: 30
SENSOR: 44.999999999999986º - DISTANCE: 30
SENSOR: 69.99999999999999º - DISTANCE: 25.743368743951372
SENSOR: 290.0º - DISTANCE: 30
SENSOR: 315.0º - DISTANCE: 30
]
[ROBOT ID: 0; POSITION: (27.944129838648966, 56.895009586348905); ORIENTATION: 90.094463788423º; SPEED: 50.0; MAX_SPEED: 50; ACCELERATION: 0]
[GOAL: [(28, 73), (28, 84), (28, 96), (39, 107), (50, 118), (50, 129), (50, 141), (50, 152), (50, 163), (50, 175), (50, 186), (50, 197), (62, 209), (62, 220), (73, 231), (84, 242), (96, 254), (107, 265), (118, 276), (130, 288), (141, 299), (152, 310), (164, 310), (175, 310), (186, 310), (198, 310), (209, 310), (220, 310), (232, 310), (243, 310), (254, 322), (266, 333), (277, 344), (288, 355), (300, 367), (311, 367), (322, 367), (334, 367), (345, 367), (356, 367), (368, 367), (379, 378), (390, 389), (402, 401), (413, 412), (424, 423), (436, 435)]; STATE: ADVANCING; TARGET_ANGLE: 89.82923172665336º]
[ROBOT ID 0 SENSOR DATA:
SENSOR: 0.0º - DISTANCE: 30
SENSOR: 45.000000000000014º - DISTANCE: 30
SENSOR: 70.00000000000001º - DISTANCE: 25.72725651602307
SENSOR: 290.0º - DISTANCE: 30
SENSOR: 315.0º - DISTANCE: 30
]
[ROBOT ID: 0; POSITION: (27.93895531654826, 58.59500171113097); ORIENTATION: 90.17439925598732º; SPEED: 50.0; MAX_SPEED: 50; ACCELERATION: 0]
[GOAL: [(28, 73), (28, 84), (28, 96), (39, 107), (50, 118), (50, 129), (50, 141), (50, 152), (50, 163), (50, 175), (50, 186), (50, 197), (62, 209), (62, 220), (73, 231), (84, 242), (96, 254), (107, 265), (118, 276), (130, 288), (141, 299), (152, 310), (164, 310), (175, 310), (186, 310), (198, 310), (209, 310), (220, 310), (232, 310), (243, 310), (254, 322), (266, 333), (277, 344), (288, 355), (300, 367), (311, 367), (322, 367), (334, 367), (345, 367), (356, 367), (368, 367), (379, 378), (390, 389), (402, 401), (413, 412), (424, 423), (436, 435)]; STATE: ADVANCING; TARGET_ANGLE: 89.80123480223392º]
[ROBOT ID 0 SENSOR DATA:
SENSOR: 0.0º - DISTANCE: 30
SENSOR: 45.000000000000014º - DISTANCE: 30
SENSOR: 70.00000000000001º - DISTANCE: 26.6358340099823
SENSOR: 290.0º - DISTANCE: 30
SENSOR: 315.0º - DISTANCE: 30
]
[ROBOT ID: 0; POSITION: (27.932646728860377, 60.24498965100246); ORIENTATION: 90.21906444233502º; SPEED: 50.0; MAX_SPEED: 50; ACCELERATION: 0]
[GOAL: [(28, 73), (28, 84), (28, 96), (39, 107), (50, 118), (50, 129), (50, 141), (50, 152), (50, 163), (50, 175), (50, 186), (50, 197), (62, 209), (62, 220), (73, 231), (84, 242), (96, 254), (107, 265), (118, 276), (130, 288), (141, 299), (152, 310), (164, 310), (175, 310), (186, 310), (198, 310), (209, 310), (220, 310), (232, 310), (243, 310), (254, 322), (266, 333), (277, 344), (288, 355), (300, 367), (311, 367), (322, 367), (334, 367), (345, 367), (356, 367), (368, 367), (379, 378), (390, 389), (402, 401), (413, 412), (424, 423), (436, 435)]; STATE: ADVANCING; TARGET_ANGLE: 89.75719665380105º]
[ROBOT ID 0 SENSOR DATA:
SENSOR: 0.0º - DISTANCE: 30
SENSOR: 45.0º - DISTANCE: 30
SENSOR: 70.0º - DISTANCE: 26.220829918573795
SENSOR: 290.0º - DISTANCE: 30
SENSOR: 315.0º - DISTANCE: 30
]
[ROBOT ID: 0; POSITION: (27.925852747249433, 61.89497566361405); ORIENTATION: 90.23591974082676º; SPEED: 50.0; MAX_SPEED: 50; ACCELERATION: 0]
[GOAL: [(28, 73), (28, 84), (28, 96), (39, 107), (50, 118), (50, 129), (50, 141), (50, 152), (50, 163), (50, 175), (50, 186), (50, 197), (62, 209), (62, 220), (73, 231), (84, 242), (96, 254), (107, 265), (118, 276), (130, 288), (141, 299), (152, 310), (164, 310), (175, 310), (186, 310), (198, 310), (209, 310), (220, 310), (232, 310), (243, 310), (254, 322), (266, 333), (277, 344), (288, 355), (300, 367), (311, 367), (322, 367), (334, 367), (345, 367), (356, 367), (368, 367), (379, 378), (390, 389), (402, 401), (413, 412), (424, 423), (436, 435)]; STATE: ADVANCING; TARGET_ANGLE: 89.69745047640134º]
[ROBOT ID 0 SENSOR DATA:
SENSOR: 0.0º - DISTANCE: 30
SENSOR: 45.000000000000014º - DISTANCE: 30
SENSOR: 70.00000000000001º - DISTANCE: 25.411909483832574
SENSOR: 290.0º - DISTANCE: 30
SENSOR: 315.0º - DISTANCE: 30
]
[ROBOT ID: 0; POSITION: (27.919128520116445, 63.594962364964815); ORIENTATION: 90.22662990578354º; SPEED: 50.0; MAX_SPEED: 50; ACCELERATION: 0]
[GOAL: [(28, 73), (28, 84), (28, 96), (39, 107), (50, 118), (50, 129), (50, 141), (50, 152), (50, 163), (50, 175), (50, 186), (50, 197), (62, 209), (62, 220), (73, 231), (84, 242), (96, 254), (107, 265), (118, 276), (130, 288), (141, 299), (152, 310), (164, 310), (175, 310), (186, 310), (198, 310), (209, 310), (220, 310), (232, 310), (243, 310), (254, 322), (266, 333), (277, 344), (288, 355), (300, 367), (311, 367), (322, 367), (334, 367), (345, 367), (356, 367), (368, 367), (379, 378), (390, 389), (402, 401), (413, 412), (424, 423), (436, 435)]; STATE: ADVANCING; TARGET_ANGLE: 89.61744689733295º]
[ROBOT ID 0 SENSOR DATA:
SENSOR: 0.0º - DISTANCE: 30
SENSOR: 45.0º - DISTANCE: 30
SENSOR: 70.0º - DISTANCE: 25.804185085888676
SENSOR: 290.0º - DISTANCE: 30
SENSOR: 315.0º - DISTANCE: 30
]
[ROBOT ID: 0; POSITION: (27.913504514300246, 65.29495306216248); ORIENTATION: 90.18954846176626º; SPEED: 50.0; MAX_SPEED: 50; ACCELERATION: 0]
[GOAL: [(28, 73), (28, 84), (28, 96), (39, 107), (50, 118), (50, 129), (50, 141), (50, 152), (50, 163), (50, 175), (50, 186), (50, 197), (62, 209), (62, 220), (73, 231), (84, 242), (96, 254), (107, 265), (118, 276), (130, 288), (141, 299), (152, 310), (164, 310), (175, 310), (186, 310), (198, 310), (209, 310), (220, 310), (232, 310), (243, 310), (254, 322), (266, 333), (277, 344), (288, 355), (300, 367), (311, 367), (322, 367), (334, 367), (345, 367), (356, 367), (368, 367), (379, 378), (390, 389), (402, 401), (413, 412), (424, 423), (436, 435)]; STATE: ADVANCING; TARGET_ANGLE: 89.50734059074753º]
[ROBOT ID 0 SENSOR DATA:
SENSOR: 0.0º - DISTANCE: 30
SENSOR: 45.0º - DISTANCE: 30
SENSOR: 70.0º - DISTANCE: 26.023192812625588
SENSOR: 290.0º - DISTANCE: 30
SENSOR: 315.0º - DISTANCE: 30
]
[ROBOT ID: 0; POSITION: (27.90990896469429, 66.99494925981206); ORIENTATION: 90.12118233590816º; SPEED: 50.0; MAX_SPEED: 50; ACCELERATION: 0]
[GOAL: [(28, 84), (28, 96), (39, 107), (50, 118), (50, 129), (50, 141), (50, 152), (50, 163), (50, 175), (50, 186), (50, 197), (62, 209), (62, 220), (73, 231), (84, 242), (96, 254), (107, 265), (118, 276), (130, 288), (141, 299), (152, 310), (164, 310), (175, 310), (186, 310), (198, 310), (209, 310), (220, 310), (232, 310), (243, 310), (254, 322), (266, 333), (277, 344), (288, 355), (300, 367), (311, 367), (322, 367), (334, 367), (345, 367), (356, 367), (368, 367), (379, 378), (390, 389), (402, 401), (413, 412), (424, 423), (436, 435)]; STATE: ADVANCING; TARGET_ANGLE: 89.3568347919193º]
[ROBOT ID 0 SENSOR DATA:
SENSOR: 0.0º - DISTANCE: 30
SENSOR: 44.999999999999986º - DISTANCE: 30
SENSOR: 69.99999999999999º - DISTANCE: 25.333554990179245
SENSOR: 290.0º - DISTANCE: 30
SENSOR: 315.0º - DISTANCE: 30
]
[ROBOT ID: 0; POSITION: (27.9050451709871, 68.69494230200688); ORIENTATION: 90.16392660707886º; SPEED: 50.0; MAX_SPEED: 50; ACCELERATION: 0]
[GOAL: [(28, 84), (28, 96), (39, 107), (50, 118), (50, 129), (50, 141), (50, 152), (50, 163), (50, 175), (50, 186), (50, 197), (62, 209), (62, 220), (73, 231), (84, 242), (96, 254), (107, 265), (118, 276), (130, 288), (141, 299), (152, 310), (164, 310), (175, 310), (186, 310), (198, 310), (209, 310), (220, 310), (232, 310), (243, 310), (254, 322), (266, 333), (277, 344), (288, 355), (300, 367), (311, 367), (322, 367), (334, 367), (345, 367), (356, 367), (368, 367), (379, 378), (390, 389), (402, 401), (413, 412), (424, 423), (436, 435)]; STATE: ADVANCING; TARGET_ANGLE: 89.69645560716137º]
[ROBOT ID 0 SENSOR DATA:
SENSOR: 0.0º - DISTANCE: 30
SENSOR: 44.999999999999986º - DISTANCE: 30
SENSOR: 69.99999999999999º - DISTANCE: 26.253880315842885
SENSOR: 290.0º - DISTANCE: 30
SENSOR: 315.0º - DISTANCE: 30
]
[ROBOT ID: 0; POSITION: (27.899695131286784, 70.39493388347874); ORIENTATION: 90.18031482414764º; SPEED: 50.0; MAX_SPEED: 50; ACCELERATION: 0]
[GOAL: [(28, 84), (28, 96), (39, 107), (50, 118), (50, 129), (50, 141), (50, 152), (50, 163), (50, 175), (50, 186), (50, 197), (62, 209), (62, 220), (73, 231), (84, 242), (96, 254), (107, 265), (118, 276), (130, 288), (141, 299), (152, 310), (164, 310), (175, 310), (186, 310), (198, 310), (209, 310), (220, 310), (232, 310), (243, 310), (254, 322), (266, 333), (277, 344), (288, 355), (300, 367), (311, 367), (322, 367), (334, 367), (345, 367), (356, 367), (368, 367), (379, 378), (390, 389), (402, 401), (413, 412), (424, 423), (436, 435)]; STATE: ADVANCING; TARGET_ANGLE: 89.64453311765155º]
[ROBOT ID 0 SENSOR DATA:
SENSOR: 0.0º - DISTANCE: 30
SENSOR: 45.0º - DISTANCE: 30
SENSOR: 70.0º - DISTANCE: 26.60746175332262
SENSOR: 290.0º - DISTANCE: 30
SENSOR: 315.0º - DISTANCE: 30
]
[ROBOT ID: 0; POSITION: (27.894540266821924, 72.09492606798206); ORIENTATION: 90.17373672377141º; SPEED: 50.0; MAX_SPEED: 50; ACCELERATION: 0]
[GOAL: [(28, 84), (28, 96), (39, 107), (50, 118), (50, 129), (50, 141), (50, 152), (50, 163), (50, 175), (50, 186), (50, 197), (62, 209), (62, 220), (73, 231), (84, 242), (96, 254), (107, 265), (118, 276), (130, 288), (141, 299), (152, 310), (164, 310), (175, 310), (186, 310), (198, 310), (209, 310), (220, 310), (232, 310), (243, 310), (254, 322), (266, 333), (277, 344), (288, 355), (300, 367), (311, 367), (322, 367), (334, 367), (345, 367), (356, 367), (368, 367), (379, 378), (390, 389), (402, 401), (413, 412), (424, 423), (436, 435)]; STATE: ADVANCING; TARGET_ANGLE: 89.57758812280679º]
[ROBOT ID 0 SENSOR DATA:
SENSOR: 0.0º - DISTANCE: 30
SENSOR: 45.0º - DISTANCE: 30
SENSOR: 70.0º - DISTANCE: 25.621195147797124
SENSOR: 290.0º - DISTANCE: 30
SENSOR: 315.0º - DISTANCE: 30
]
[ROBOT ID: 0; POSITION: (27.89032764677128, 73.74492069034672); ORIENTATION: 90.14628218897667º; SPEED: 50.0; MAX_SPEED: 50; ACCELERATION: 0]
[GOAL: [(28, 84), (28, 96), (39, 107), (50, 118), (50, 129), (50, 141), (50, 152), (50, 163), (50, 175), (50, 186), (50, 197), (62, 209), (62, 220), (73, 231), (84, 242), (96, 254), (107, 265), (118, 276), (130, 288), (141, 299), (152, 310), (164, 310), (175, 310), (186, 310), (198, 310), (209, 310), (220, 310), (232, 310), (243, 310), (254, 322), (266, 333), (277, 344), (288, 355), (300, 367), (311, 367), (322, 367), (334, 367), (345, 367), (356, 367), (368, 367), (379, 378), (390, 389), (402, 401), (413, 412), (424, 423), (436, 435)]; STATE: ADVANCING; TARGET_ANGLE: 89.49246517823867º]
[ROBOT ID 0 SENSOR DATA:
SENSOR: 0.0º - DISTANCE: 30
SENSOR: 45.0º - DISTANCE: 30
SENSOR: 70.0º - DISTANCE: 25.641244301718455
SENSOR: 290.0º - DISTANCE: 30
SENSOR: 315.0º - DISTANCE: 30
]
[ROBOT ID: 0; POSITION: (27.887426025996966, 75.49491828480132); ORIENTATION: 90.09500040016665º; SPEED: 50.0; MAX_SPEED: 50; ACCELERATION: 0]
[GOAL: [(28, 84), (28, 96), (39, 107), (50, 118), (50, 129), (50, 141), (50, 152), (50, 163), (50, 175), (50, 186), (50, 197), (62, 209), (62, 220), (73, 231), (84, 242), (96, 254), (107, 265), (118, 276), (130, 288), (141, 299), (152, 310), (164, 310), (175, 310), (186, 310), (198, 310), (209, 310), (220, 310), (232, 310), (243, 310), (254, 322), (266, 333), (277, 344), (288, 355), (300, 367), (311, 367), (322, 367), (334, 367), (345, 367), (356, 367), (368, 367), (379, 378), (390, 389), (402, 401), (413, 412), (424, 423), (436, 435)]; STATE: ADVANCING; TARGET_ANGLE: 89.38727695460007º]
[ROBOT ID 0 SENSOR DATA:
SENSOR: 0.0º - DISTANCE: 30
SENSOR: 45.000000000000014º - DISTANCE: 30
SENSOR: 70.00000000000001º - DISTANCE: 24.962420674726612
SENSOR: 290.0º - DISTANCE: 30
SENSOR: 315.0º - DISTANCE: 30
]
[ROBOT ID: 0; POSITION: (27.88691141271352, 77.2449182091365); ORIENTATION: 90.01684866837016º; SPEED: 50.0; MAX_SPEED: 50; ACCELERATION: 0]
[GOAL: [(28, 96), (39, 107), (50, 118), (50, 129), (50, 141), (50, 152), (50, 163), (50, 175), (50, 186), (50, 197), (62, 209), (62, 220), (73, 231), (84, 242), (96, 254), (107, 265), (118, 276), (130, 288), (141, 299), (152, 310), (164, 310), (175, 310), (186, 310), (198, 310), (209, 310), (220, 310), (232, 310), (243, 310), (254, 322), (266, 333), (277, 344), (288, 355), (300, 367), (311, 367), (322, 367), (334, 367), (345, 367), (356, 367), (368, 367), (379, 378), (390, 389), (402, 401), (413, 412), (424, 423), (436, 435)]; STATE: ADVANCING; TARGET_ANGLE: 89.2416725457505º]
[ROBOT ID 0 SENSOR DATA:
SENSOR: 0.0º - DISTANCE: 30
SENSOR: 45.0º - DISTANCE: 30
SENSOR: 70.0º - DISTANCE: 25.968655896429397
SENSOR: 290.0º - DISTANCE: 30
SENSOR: 315.0º - DISTANCE: 30
]
[ROBOT ID: 0; POSITION: (27.884577984790898, 78.99491665345413); ORIENTATION: 90.07639749221774º; SPEED: 50.0; MAX_SPEED: 50; ACCELERATION: 0]
[GOAL: [(28, 96), (39, 107), (50, 118), (50, 129), (50, 141), (50, 152), (50, 163), (50, 175), (50, 186), (50, 197), (62, 209), (62, 220), (73, 231), (84, 242), (96, 254), (107, 265), (118, 276), (130, 288), (141, 299), (152, 310), (164, 310), (175, 310), (186, 310), (198, 310), (209, 310), (220, 310), (232, 310), (243, 310), (254, 322), (266, 333), (277, 344), (288, 355), (300, 367), (311, 367), (322, 367), (334, 367), (345, 367), (356, 367), (368, 367), (379, 378), (390, 389), (402, 401), (413, 412), (424, 423), (436, 435)]; STATE: ADVANCING; TARGET_ANGLE: 89.65452455449488º]
[ROBOT ID 0 SENSOR DATA:
SENSOR: 0.0º - DISTANCE: 30
SENSOR: 44.999999999999986º - DISTANCE: 30
SENSOR: 69.99999999999999º - DISTANCE: 26.664856535139197
SENSOR: 290.0º - DISTANCE: 30
SENSOR: 315.0º - DISTANCE: 30
]
[ROBOT ID: 0; POSITION: (27.88144483337947, 80.69491376620527); ORIENTATION: 90.10559791416439º; SPEED: 50.0; MAX_SPEED: 50; ACCELERATION: 0]
[GOAL: [(28, 96), (39, 107), (50, 118), (50, 129), (50, 141), (50, 152), (50, 163), (50, 175), (50, 186), (50, 197), (62, 209), (62, 220), (73, 231), (84, 242), (96, 254), (107, 265), (118, 276), (130, 288), (141, 299), (152, 310), (164, 310), (175, 310), (186, 310), (198, 310), (209, 310), (220, 310), (232, 310), (243, 310), (254, 322), (266, 333), (277, 344), (288, 355), (300, 367), (311, 367), (322, 367), (334, 367), (345, 367), (356, 367), (368, 367), (379, 378), (390, 389), (402, 401), (413, 412), (424, 423), (436, 435)]; STATE: ADVANCING; TARGET_ANGLE: 89.61111082813127º]
[ROBOT ID 0 SENSOR DATA:
SENSOR: 0.0º - DISTANCE: 30
SENSOR: 44.999999999999986º - DISTANCE: 30
SENSOR: 69.99999999999999º - DISTANCE: 25.908833326457124
SENSOR: 290.0º - DISTANCE: 30
SENSOR: 315.0º - DISTANCE: 30
]
[ROBOT ID: 0; POSITION: (27.878132127156206, 82.39491053854853); ORIENTATION: 90.11164953263629º; SPEED: 50.0; MAX_SPEED: 50; ACCELERATION: 0]
[GOAL: [(28, 96), (39, 107), (50, 118), (50, 129), (50, 141), (50, 152), (50, 163), (50, 175), (50, 186), (50, 197), (62, 209), (62, 220), (73, 231), (84, 242), (96, 254), (107, 265), (118, 276), (130, 288), (141, 299), (152, 310), (164, 310), (175, 310), (186, 310), (198, 310), (209, 310), (220, 310), (232, 310), (243, 310), (254, 322), (266, 333), (277, 344), (288, 355), (300, 367), (311, 367), (322, 367), (334, 367), (345, 367), (356, 367), (368, 367), (379, 378), (390, 389), (402, 401), (413, 412), (424, 423), (436, 435)]; STATE: ADVANCING; TARGET_ANGLE: 89.55618839854525º]
[ROBOT ID 0 SENSOR DATA:
SENSOR: 0.0º - DISTANCE: 30
SENSOR: 45.000000000000014º - DISTANCE: 30
SENSOR: 70.00000000000001º - DISTANCE: 26.410848358370508
SENSOR: 290.0º - DISTANCE: 30
SENSOR: 315.0º - DISTANCE: 30
]
[ROBOT ID: 0; POSITION: (27.87518684445037, 84.14490806006386); ORIENTATION: 90.09642991324803º; SPEED: 50.0; MAX_SPEED: 50; ACCELERATION: 0]
[GOAL: [(28, 96), (39, 107), (50, 118), (50, 129), (50, 141), (50, 152), (50, 163), (50, 175), (50, 186), (50, 197), (62, 209), (62, 220), (73, 231), (84, 242), (96, 254), (107, 265), (118, 276), (130, 288), (141, 299), (152, 310), (164, 310), (175, 310), (186, 310), (198, 310), (209, 310), (220, 310), (232, 310), (243, 310), (254, 322), (266, 333), (277, 344), (288, 355), (300, 367), (311, 367), (322, 367), (334, 367), (345, 367), (356, 367), (368, 367), (379, 378), (390, 389), (402, 401), (413, 412), (424, 423), (436, 435)]; STATE: ADVANCING; TARGET_ANGLE: 89.48678558501743º]
[ROBOT ID 0 SENSOR DATA:
SENSOR: 0.0º - DISTANCE: 30
SENSOR: 44.999999999999986º - DISTANCE: 30
SENSOR: 69.99999999999999º - DISTANCE: 26.18267547663256
SENSOR: 290.0º - DISTANCE: 30
SENSOR: 315.0º - DISTANCE: 30
]
[ROBOT ID: 0; POSITION: (27.873378356842224, 85.84490709811433); ORIENTATION: 90.060952192231º; SPEED: 50.0; MAX_SPEED: 50; ACCELERATION: 0]
[GOAL: [(28, 96), (39, 107), (50, 118), (50, 129), (50, 141), (50, 152), (50, 163), (50, 175), (50, 186), (50, 197), (62, 209), (62, 220), (73, 231), (84, 242), (96, 254), (107, 265), (118, 276), (130, 288), (141, 299), (152, 310), (164, 310), (175, 310), (186, 310), (198, 310), (209, 310), (220, 310), (232, 310), (243, 310), (254, 322), (266, 333), (277, 344), (288, 355), (300, 367), (311, 367), (322, 367), (334, 367), (345, 367), (356, 367), (368, 367), (379, 378), (390, 389), (402, 401), (413, 412), (424, 423), (436, 435)]; STATE: ADVANCING; TARGET_ANGLE: 89.3967990404215º]
[ROBOT ID 0 SENSOR DATA:
SENSOR: 0.0º - DISTANCE: 30
SENSOR: 45.000000000000014º - DISTANCE: 30
SENSOR: 70.00000000000001º - DISTANCE: 26.736434951519893
SENSOR: 290.0º - DISTANCE: 30
SENSOR: 315.0º - DISTANCE: 30
]
[ROBOT ID: 0; POSITION: (27.87329194071479, 87.59490709598069); ORIENTATION: 90.00282930250621º; SPEED: 50.0; MAX_SPEED: 50; ACCELERATION: 0]
[GOAL: [(28, 96), (39, 107), (50, 118), (50, 129), (50, 141), (50, 152), (50, 163), (50, 175), (50, 186), (50, 197), (62, 209), (62, 220), (73, 231), (84, 242), (96, 254), (107, 265), (118, 276), (130, 288), (141, 299), (152, 310), (164, 310), (175, 310), (186, 310), (198, 310), (209, 310), (220, 310), (232, 310), (243, 310), (254, 322), (266, 333), (277, 344), (288, 355), (300, 367), (311, 367), (322, 367), (334, 367), (345, 367), (356, 367), (368, 367), (379, 378), (390, 389), (402, 401), (413, 412), (424, 423), (436, 435)]; STATE: ADVANCING; TARGET_ANGLE: 89.28562841527322º]
[ROBOT ID 0 SENSOR DATA:
SENSOR: 0.0º - DISTANCE: 30
SENSOR: 44.999999999999986º - DISTANCE: 30
SENSOR: 69.99999999999999º - DISTANCE: 25.769753056118137
SENSOR: 290.0º - DISTANCE: 30
SENSOR: 315.0º - DISTANCE: 30
]
[ROBOT ID: 0; POSITION: (27.875632566972406, 89.29490548464719); ORIENTATION: 89.9211129127353º; SPEED: 50.0; MAX_SPEED: 50; ACCELERATION: 0]
[GOAL: [(39, 107), (50, 118), (50, 129), (50, 141), (50, 152), (50, 163), (50, 175), (50, 186), (50, 197), (62, 209), (62, 220), (73, 231), (84, 242), (96, 254), (107, 265), (118, 276), (130, 288), (141, 299), (152, 310), (164, 310), (175, 310), (186, 310), (198, 310), (209, 310), (220, 310), (232, 310), (243, 310), (254, 322), (266, 333), (277, 344), (288, 355), (300, 367), (311, 367), (322, 367), (334, 367), (345, 367), (356, 367), (368, 367), (379, 378), (390, 389), (402, 401), (413, 412), (424, 423), (436, 435)]; STATE: ADVANCING; TARGET_ANGLE: 89.13632279526243º]
[ROBOT ID 0 SENSOR DATA:
SENSOR: 0.0º - DISTANCE: 30
SENSOR: 44.999999999999986º - DISTANCE: 30
SENSOR: 69.99999999999999º - DISTANCE: 25.5194941087055
SENSOR: 290.0º - DISTANCE: 30
SENSOR: 315.0º - DISTANCE: 30
]
[ROBOT ID: 0; POSITION: (28.1322924212034, 90.97541901307417); ORIENTATION: 81.31648628276469º; SPEED: 50.0; MAX_SPEED: 50; ACCELERATION: 0]
[GOAL: [(39, 107), (50, 118), (50, 129), (50, 141), (50, 152), (50, 163), (50, 175), (50, 186), (50, 197), (62, 209), (62, 220), (73, 231), (84, 242), (96, 254), (107, 265), (118, 276), (130, 288), (141, 299), (152, 310), (164, 310), (175, 310), (186, 310), (198, 310), (209, 310), (220, 310), (232, 310), (243, 310), (254, 322), (266, 333), (277, 344), (288, 355), (300, 367), (311, 367), (322, 367), (334, 367), (345, 367), (356, 367), (368, 367), (379, 378), (390, 389), (402, 401), (413, 412), (424, 423), (436, 435)]; STATE: ADVANCING; TARGET_ANGLE: 57.85825834685981º]
[ROBOT ID 0 SENSOR DATA:
SENSOR: 0.0º - DISTANCE: 30
SENSOR: 45.0º - DISTANCE: 30
SENSOR: 70.0º - DISTANCE: 28.145513082866607
SENSOR: 290.0º - DISTANCE: 30
SENSOR: 315.0º - DISTANCE: 30
]
[ROBOT ID: 0; POSITION: (28.56712417953182, 92.56709151140699); ORIENTATION: 74.72011527782695º; SPEED: 50.0; MAX_SPEED: 50; ACCELERATION: 0]
[GOAL: [(39, 107), (50, 118), (50, 129), (50, 141), (50, 152), (50, 163), (50, 175), (50, 186), (50, 197), (62, 209), (62, 220), (73, 231), (84, 242), (96, 254), (107, 265), (118, 276), (130, 288), (141, 299), (152, 310), (164, 310), (175, 310), (186, 310), (198, 310), (209, 310), (220, 310), (232, 310), (243, 310), (254, 322), (266, 333), (277, 344), (288, 355), (300, 367), (311, 367), (322, 367), (334, 367), (345, 367), (356, 367), (368, 367), (379, 378), (390, 389), (402, 401), (413, 412), (424, 423), (436, 435)]; STATE: ADVANCING; TARGET_ANGLE: 55.85527941163992º]
[ROBOT ID 0 SENSOR DATA:
SENSOR: 0.0º - DISTANCE: 30
SENSOR: 45.0º - DISTANCE: 30
SENSOR: 70.0º - DISTANCE: 30
SENSOR: 290.0º - DISTANCE: 30
SENSOR: 315.0º - DISTANCE: 30
]
[ROBOT ID: 0; POSITION: (29.169711371538295, 94.15671054627973); ORIENTATION: 69.23946019644096º; SPEED: 50.0; MAX_SPEED: 50; ACCELERATION: 0]
[GOAL: [(39, 107), (50, 118), (50, 129), (50, 141), (50, 152), (50, 163), (50, 175), (50, 186), (50, 197), (62, 209), (62, 220), (73, 231), (84, 242), (96, 254), (107, 265), (118, 276), (130, 288), (141, 299), (152, 310), (164, 310), (175, 310), (186, 310), (198, 310), (209, 310), (220, 310), (232, 310), (243, 310), (254, 322), (266, 333), (277, 344), (288, 355), (300, 367), (311, 367), (322, 367), (334, 367), (345, 367), (356, 367), (368, 367), (379, 378), (390, 389), (402, 401), (413, 412), (424, 423), (436, 435)]; STATE: ADVANCING; TARGET_ANGLE: 54.13859027624758º]
[ROBOT ID 0 SENSOR DATA:
SENSOR: 0.0º - DISTANCE: 30
SENSOR: 45.0º - DISTANCE: 30
SENSOR: 70.00000000000001º - DISTANCE: 30
SENSOR: 290.0º - DISTANCE: 30
SENSOR: 315.0º - DISTANCE: 30
]
[ROBOT ID: 0; POSITION: (29.868499217843773, 95.65143311112438); ORIENTATION: 64.94375239593049º; SPEED: 50.0; MAX_SPEED: 50; ACCELERATION: 0]
[GOAL: [(39, 107), (50, 118), (50, 129), (50, 141), (50, 152), (50, 163), (50, 175), (50, 186), (50, 197), (62, 209), (62, 220), (73, 231), (84, 242), (96, 254), (107, 265), (118, 276), (130, 288), (141, 299), (152, 310), (164, 310), (175, 310), (186, 310), (198, 310), (209, 310), (220, 310), (232, 310), (243, 310), (254, 322), (266, 333), (277, 344), (288, 355), (300, 367), (311, 367), (322, 367), (334, 367), (345, 367), (356, 367), (368, 367), (379, 378), (390, 389), (402, 401), (413, 412), (424, 423), (436, 435)]; STATE: ADVANCING; TARGET_ANGLE: 52.56945859852124º]
[ROBOT ID 0 SENSOR DATA:
SENSOR: 0.0º - DISTANCE: 30
SENSOR: 45.0º - DISTANCE: 30
SENSOR: 70.0º - DISTANCE: 30
SENSOR: 290.0º - DISTANCE: 30
SENSOR: 315.0º - DISTANCE: 30
]
[ROBOT ID: 0; POSITION: (30.6848725487961, 97.14258521084787); ORIENTATION: 61.30025416247993º; SPEED: 50.0; MAX_SPEED: 50; ACCELERATION: 0]
[GOAL: [(39, 107), (50, 118), (50, 129), (50, 141), (50, 152), (50, 163), (50, 175), (50, 186), (50, 197), (62, 209), (62, 220), (73, 231), (84, 242), (96, 254), (107, 265), (118, 276), (130, 288), (141, 299), (152, 310), (164, 310), (175, 310), (186, 310), (198, 310), (209, 310), (220, 310), (232, 310), (243, 310), (254, 322), (266, 333), (277, 344), (288, 355), (300, 367), (311, 367), (322, 367), (334, 367), (345, 367), (356, 367), (368, 367), (379, 378), (390, 389), (402, 401), (413, 412), (424, 423), (436, 435)]; STATE: ADVANCING; TARGET_ANGLE: 51.178484014604265º]
[ROBOT ID 0 SENSOR DATA:
SENSOR: 0.0º - DISTANCE: 30
SENSOR: 45.0º - DISTANCE: 30
SENSOR: 69.99999999999999º - DISTANCE: 30
SENSOR: 290.0º - DISTANCE: 30
SENSOR: 315.0º - DISTANCE: 30
]
[ROBOT ID: 0; POSITION: (31.578667145913535, 98.58865962738517); ORIENTATION: 58.28047691641809º; SPEED: 50.0; MAX_SPEED: 50; ACCELERATION: 0]
[GOAL: [(39, 107), (50, 118), (50, 129), (50, 141), (50, 152), (50, 163), (50, 175), (50, 186), (50, 197), (62, 209), (62, 220), (73, 231), (84, 242), (96, 254), (107, 265), (118, 276), (130, 288), (141, 299), (152, 310), (164, 310), (175, 310), (186, 310), (198, 310), (209, 310), (220, 310), (232, 310), (243, 310), (254, 322), (266, 333), (277, 344), (288, 355), (300, 367), (311, 367), (322, 367), (334, 367), (345, 367), (356, 367), (368, 367), (379, 378), (390, 389), (402, 401), (413, 412), (424, 423), (436, 435)]; STATE: ADVANCING; TARGET_ANGLE: 49.851016722441734º]
[ROBOT ID 0 SENSOR DATA:
SENSOR: 0.0º - DISTANCE: 30
SENSOR: 44.99999999999999º - DISTANCE: 30
SENSOR: 70.0º - DISTANCE: 30
SENSOR: 290.0º - DISTANCE: 30
SENSOR: 315.0º - DISTANCE: 30
]
[ROBOT ID: 0; POSITION: (32.53591404432652, 99.99353626804752); ORIENTATION: 55.730486491419306º; SPEED: 50.0; MAX_SPEED: 50; ACCELERATION: 0]
[GOAL: [(39, 107), (50, 118), (50, 129), (50, 141), (50, 152), (50, 163), (50, 175), (50, 186), (50, 197), (62, 209), (62, 220), (73, 231), (84, 242), (96, 254), (107, 265), (118, 276), (130, 288), (141, 299), (152, 310), (164, 310), (175, 310), (186, 310), (198, 310), (209, 310), (220, 310), (232, 310), (243, 310), (254, 322), (266, 333), (277, 344), (288, 355), (300, 367), (311, 367), (322, 367), (334, 367), (345, 367), (356, 367), (368, 367), (379, 378), (390, 389), (402, 401), (413, 412), (424, 423), (436, 435)]; STATE: ADVANCING; TARGET_ANGLE: 48.57801217376103º]
[ROBOT ID 0 SENSOR DATA:
SENSOR: 0.0º - DISTANCE: 30
SENSOR: 44.99999999999999º - DISTANCE: 30
SENSOR: 70.0º - DISTANCE: 30
SENSOR: 290.0º - DISTANCE: 30
SENSOR: 315.0º - DISTANCE: 30
]
[ROBOT ID: 0; POSITION: (33.57787263001224, 101.3995313980945); ORIENTATION: 53.458497678351804º; SPEED: 50.0; MAX_SPEED: 50; ACCELERATION: 0]
[GOAL: [(39, 107), (50, 118), (50, 129), (50, 141), (50, 152), (50, 163), (50, 175), (50, 186), (50, 197), (62, 209), (62, 220), (73, 231), (84, 242), (96, 254), (107, 265), (118, 276), (130, 288), (141, 299), (152, 310), (164, 310), (175, 310), (186, 310), (198, 310), (209, 310), (220, 310), (232, 310), (243, 310), (254, 322), (266, 333), (277, 344), (288, 355), (300, 367), (311, 367), (322, 367), (334, 367), (345, 367), (356, 367), (368, 367), (379, 378), (390, 389), (402, 401), (413, 412), (424, 423), (436, 435)]; STATE: ADVANCING; TARGET_ANGLE: 47.30570995283962º]
[ROBOT ID 0 SENSOR DATA:
SENSOR: 0.0º - DISTANCE: 30
SENSOR: 45.0º - DISTANCE: 30
SENSOR: 70.0º - DISTANCE: 30
SENSOR: 290.0º - DISTANCE: 30
SENSOR: 315.0º - DISTANCE: 30
]
[ROBOT ID: 0; POSITION: (34.6363732833188, 102.7297856470821); ORIENTATION: 51.490276405096274º; SPEED: 50.0; MAX_SPEED: 50; ACCELERATION: 0]
[GOAL: [(50, 118), (50, 129), (50, 141), (50, 152), (50, 163), (50, 175), (50, 186), (50, 197), (62, 209), (62, 220), (73, 231), (84, 242), (96, 254), (107, 265), (118, 276), (130, 288), (141, 299), (152, 310), (164, 310), (175, 310), (186, 310), (198, 310), (209, 310), (220, 310), (232, 310), (243, 310), (254, 322), (266, 333), (277, 344), (288, 355), (300, 367), (311, 367), (322, 367), (334, 367), (345, 367), (356, 367), (368, 367), (379, 378), (390, 389), (402, 401), (413, 412), (424, 423), (436, 435)]; STATE: ADVANCING; TARGET_ANGLE: 45.92694211322567º]
[ROBOT ID 0 SENSOR DATA:
SENSOR: 0.0º - DISTANCE: 30
SENSOR: 44.99999999999999º - DISTANCE: 30
SENSOR: 70.0º - DISTANCE: 30
SENSOR: 290.0º - DISTANCE: 30
SENSOR: 315.0º - DISTANCE: 30
]
[ROBOT ID: 0; POSITION: (35.734685673897495, 104.0273641197385); ORIENTATION: 49.75434397044803º; SPEED: 50.0; MAX_SPEED: 50; ACCELERATION: 0]
[GOAL: [(50, 118), (50, 129), (50, 141), (50, 152), (50, 163), (50, 175), (50, 186), (50, 197), (62, 209), (62, 220), (73, 231), (84, 242), (96, 254), (107, 265), (118, 276), (130, 288), (141, 299), (152, 310), (164, 310), (175, 310), (186, 310), (198, 310), (209, 310), (220, 310), (232, 310), (243, 310), (254, 322), (266, 333), (277, 344), (288, 355), (300, 367), (311, 367), (322, 367), (334, 367), (345, 367), (356, 367), (368, 367), (379, 378), (390, 389), (402, 401), (413, 412), (424, 423), (436, 435)]; STATE: ADVANCING; TARGET_ANGLE: 44.825287413444464º]
[ROBOT ID 0 SENSOR DATA:
SENSOR: 0.0º - DISTANCE: 30
SENSOR: 45.0º - DISTANCE: 30
SENSOR: 70.0º - DISTANCE: 30
SENSOR: 290.0º - DISTANCE: 30
SENSOR: 315.0º - DISTANCE: 30
]
[ROBOT ID: 0; POSITION: (36.863933384711146, 105.29811177667992); ORIENTATION: 48.37416288067616º; SPEED: 50.0; MAX_SPEED: 50; ACCELERATION: 0]
[GOAL: [(50, 118), (50, 129), (50, 141), (50, 152), (50, 163), (50, 175), (50, 186), (50, 197), (62, 209), (62, 220), (73, 231), (84, 242), (96, 254), (107, 265), (118, 276), (130, 288), (141, 299), (152, 310), (164, 310), (175, 310), (186, 310), (198, 310), (209, 310), (220, 310), (232, 310), (243, 310), (254, 322), (266, 333), (277, 344), (288, 355), (300, 367), (311, 367), (322, 367), (334, 367), (345, 367), (356, 367), (368, 367), (379, 378), (390, 389), (402, 401), (413, 412), (424, 423), (436, 435)]; STATE: ADVANCING; TARGET_ANGLE: 44.40616655510602º]
[ROBOT ID 0 SENSOR DATA:
SENSOR: 0.0º - DISTANCE: 30
SENSOR: 44.99999999999999º - DISTANCE: 30
SENSOR: 70.0º - DISTANCE: 30
SENSOR: 290.0º - DISTANCE: 30
SENSOR: 315.0º - DISTANCE: 30
]
[ROBOT ID: 0; POSITION: (38.01753207023538, 106.54679511234063); ORIENTATION: 47.26663928593682º; SPEED: 50.0; MAX_SPEED: 50; ACCELERATION: 0]
[GOAL: [(50, 118), (50, 129), (50, 141), (50, 152), (50, 163), (50, 175), (50, 186), (50, 197), (62, 209), (62, 220), (73, 231), (84, 242), (96, 254), (107, 265), (118, 276), (130, 288), (141, 299), (152, 310), (164, 310), (175, 310), (186, 310), (198, 310), (209, 310), (220, 310), (232, 310), (243, 310), (254, 322), (266, 333), (277, 344), (288, 355), (300, 367), (311, 367), (322, 367), (334, 367), (345, 367), (356, 367), (368, 367), (379, 378), (390, 389), (402, 401), (413, 412), (424, 423), (436, 435)]; STATE: ADVANCING; TARGET_ANGLE: 44.03729809532151º]
[ROBOT ID 0 SENSOR DATA:
SENSOR: 0.0º - DISTANCE: 30
SENSOR: 45.0º - DISTANCE: 30
SENSOR: 70.0º - DISTANCE: 30
SENSOR: 290.0º - DISTANCE: 30
SENSOR: 315.0º - DISTANCE: 30
]
[ROBOT ID: 0; POSITION: (39.19056521922781, 107.77723943508137); ORIENTATION: 46.36834756537352º; SPEED: 50.0; MAX_SPEED: 50; ACCELERATION: 0]
[GOAL: [(50, 118), (50, 129), (50, 141), (50, 152), (50, 163), (50, 175), (50, 186), (50, 197), (62, 209), (62, 220), (73, 231), (84, 242), (96, 254), (107, 265), (118, 276), (130, 288), (141, 299), (152, 310), (164, 310), (175, 310), (186, 310), (198, 310), (209, 310), (220, 310), (232, 310), (243, 310), (254, 322), (266, 333), (277, 344), (288, 355), (300, 367), (311, 367), (322, 367), (334, 367), (345, 367), (356, 367), (368, 367), (379, 378), (390, 389), (402, 401), (413, 412), (424, 423), (436, 435)]; STATE: ADVANCING; TARGET_ANGLE: 43.706272058344034º]
[ROBOT ID 0 SENSOR DATA:
SENSOR: 0.0º - DISTANCE: 30
SENSOR: 44.99999999999999º - DISTANCE: 30
SENSOR: 70.0º - DISTANCE: 30
SENSOR: 290.0º - DISTANCE: 30
SENSOR: 315.0º - DISTANCE: 30
]
[ROBOT ID: 0; POSITION: (40.37935577543371, 108.99246657988833); ORIENTATION: 45.6300468991537º; SPEED: 50.0; MAX_SPEED: 50; ACCELERATION: 0]
[GOAL: [(50, 118), (50, 129), (50, 141), (50, 152), (50, 163), (50, 175), (50, 186), (50, 197), (62, 209), (62, 220), (73, 231), (84, 242), (96, 254), (107, 265), (118, 276), (130, 288), (141, 299), (152, 310), (164, 310), (175, 310), (186, 310), (198, 310), (209, 310), (220, 310), (232, 310), (243, 310), (254, 322), (266, 333), (277, 344), (288, 355), (300, 367), (311, 367), (322, 367), (334, 367), (345, 367), (356, 367), (368, 367), (379, 378), (390, 389), (402, 401), (413, 412), (424, 423), (436, 435)]; STATE: ADVANCING; TARGET_ANGLE: 43.40219996503221º]
[ROBOT ID 0 SENSOR DATA:
SENSOR: 0.0º - DISTANCE: 30
SENSOR: 45.0º - DISTANCE: 30
SENSOR: 70.0º - DISTANCE: 30
SENSOR: 290.0º - DISTANCE: 30
SENSOR: 315.0º - DISTANCE: 30
]
[ROBOT ID: 0; POSITION: (41.61690298088844, 110.22979309874711); ORIENTATION: 44.99489088659937º; SPEED: 50.0; MAX_SPEED: 50; ACCELERATION: 0]
[GOAL: [(50, 118), (50, 129), (50, 141), (50, 152), (50, 163), (50, 175), (50, 186), (50, 197), (62, 209), (62, 220), (73, 231), (84, 242), (96, 254), (107, 265), (118, 276), (130, 288), (141, 299), (152, 310), (164, 310), (175, 310), (186, 310), (198, 310), (209, 310), (220, 310), (232, 310), (243, 310), (254, 322), (266, 333), (277, 344), (288, 355), (300, 367), (311, 367), (322, 367), (334, 367), (345, 367), (356, 367), (368, 367), (379, 378), (390, 389), (402, 401), (413, 412), (424, 423), (436, 435)]; STATE: ADVANCING; TARGET_ANGLE: 43.11489960238356º]
